<?xml version="1.0" encoding="UTF-8"?>
<coverage generated="1696638193591" clover="3.2.0">
  <project timestamp="1696638193592" name="All files">
    <metrics statements="18" coveredstatements="17" conditionals="4" coveredconditionals="2" methods="8" coveredmethods="8" elements="30" coveredelements="27" complexity="0" loc="18" ncloc="18" packages="1" files="1" classes="1"/>
    <file name="course.controller.ts" path="C:\Bagyaa\ncsu\classes\semesters\fall23\csc492\repos\2023FallTeam09-CSC-Faculty\HowlBack\controllers\course.controller.ts">
      <metrics statements="18" coveredstatements="17" conditionals="4" coveredconditionals="2" methods="8" coveredmethods="8"/>
      <line num="2" count="1" type="stmt"/>
      <line num="4" count="2" type="stmt"/>
      <line num="5" count="2" type="stmt"/>
      <line num="6" count="2" type="stmt"/>
      <line num="8" count="2" type="stmt"/>
      <line num="14" count="1" type="stmt"/>
      <line num="16" count="1" type="stmt"/>
      <line num="21" count="1" type="stmt"/>
      <line num="22" count="1" type="stmt"/>
      <line num="23" count="1" type="stmt"/>
      <line num="26" count="1" type="stmt"/>
      <line num="27" count="1" type="stmt"/>
      <line num="28" count="1" type="stmt"/>
      <line num="31" count="1" type="stmt"/>
      <line num="32" count="1" type="stmt"/>
      <line num="33" count="1" type="stmt"/>
      <line num="34" count="1" type="stmt"/>
      <line num="36" count="0" type="stmt"/>
    </file>
  </project>
</coverage>
