{"C:\\Bagyaa\\ncsu\\classes\\semesters\\fall23\\csc492\\repos\\2023FallTeam09-CSC-Faculty\\HowlBack\\controllers\\course.controller.ts": {"path":"C:\\Bagyaa\\ncsu\\classes\\semesters\\fall23\\csc492\\repos\\2023FallTeam09-CSC-Faculty\\HowlBack\\controllers\\course.controller.ts","statementMap":{"0":{"start":{"line":2,"column":0},"end":{"line":2,"column":44}},"1":{"start":{"line":4,"column":28},"end":{"line":18,"column":2}},"2":{"start":{"line":4,"column":81},"end":{"line":18,"column":2}},"3":{"start":{"line":5,"column":2},"end":{"line":17,"column":null}},"4":{"start":{"line":6,"column":4},"end":{"line":6,"column":21}},"5":{"start":{"line":8,"column":26},"end":{"line":11,"column":6}},"6":{"start":{"line":14,"column":4},"end":{"line":14,"column":40}},"7":{"start":{"line":16,"column":4},"end":{"line":16,"column":89}},"8":{"start":{"line":4,"column":13},"end":{"line":4,"column":28}},"9":{"start":{"line":21,"column":25},"end":{"line":24,"column":2}},"10":{"start":{"line":21,"column":78},"end":{"line":24,"column":2}},"11":{"start":{"line":22,"column":17},"end":{"line":22,"column":70}},"12":{"start":{"line":23,"column":2},"end":{"line":23,"column":19}},"13":{"start":{"line":21,"column":13},"end":{"line":21,"column":25}},"14":{"start":{"line":26,"column":29},"end":{"line":29,"column":2}},"15":{"start":{"line":26,"column":82},"end":{"line":29,"column":2}},"16":{"start":{"line":27,"column":18},"end":{"line":27,"column":40}},"17":{"start":{"line":28,"column":2},"end":{"line":28,"column":20}},"18":{"start":{"line":26,"column":13},"end":{"line":26,"column":29}},"19":{"start":{"line":31,"column":28},"end":{"line":38,"column":2}},"20":{"start":{"line":31,"column":81},"end":{"line":38,"column":2}},"21":{"start":{"line":32,"column":2},"end":{"line":37,"column":null}},"22":{"start":{"line":33,"column":4},"end":{"line":33,"column":70}},"23":{"start":{"line":34,"column":4},"end":{"line":34,"column":31}},"24":{"start":{"line":36,"column":4},"end":{"line":36,"column":89}},"25":{"start":{"line":31,"column":13},"end":{"line":31,"column":28}}},"fnMap":{"0":{"name":"(anonymous_8)","decl":{"start":{"line":4,"column":28},"end":{"line":4,"column":35}},"loc":{"start":{"line":4,"column":81},"end":{"line":18,"column":2}}},"1":{"name":"(anonymous_9)","decl":{"start":{"line":4,"column":81},"end":{"line":4,"column":null}},"loc":{"start":{"line":4,"column":81},"end":{"line":18,"column":1}}},"2":{"name":"(anonymous_10)","decl":{"start":{"line":21,"column":25},"end":{"line":21,"column":32}},"loc":{"start":{"line":21,"column":78},"end":{"line":24,"column":2}}},"3":{"name":"(anonymous_11)","decl":{"start":{"line":21,"column":78},"end":{"line":21,"column":null}},"loc":{"start":{"line":21,"column":78},"end":{"line":24,"column":1}}},"4":{"name":"(anonymous_12)","decl":{"start":{"line":26,"column":29},"end":{"line":26,"column":36}},"loc":{"start":{"line":26,"column":82},"end":{"line":29,"column":2}}},"5":{"name":"(anonymous_13)","decl":{"start":{"line":26,"column":82},"end":{"line":26,"column":null}},"loc":{"start":{"line":26,"column":82},"end":{"line":29,"column":1}}},"6":{"name":"(anonymous_14)","decl":{"start":{"line":31,"column":28},"end":{"line":31,"column":35}},"loc":{"start":{"line":31,"column":81},"end":{"line":38,"column":2}}},"7":{"name":"(anonymous_15)","decl":{"start":{"line":31,"column":81},"end":{"line":31,"column":null}},"loc":{"start":{"line":31,"column":81},"end":{"line":38,"column":1}}}},"branchMap":{"0":{"loc":{"start":{"line":9,"column":12},"end":{"line":9,"column":47}},"type":"binary-expr","locations":[{"start":{"line":9,"column":12},"end":{"line":9,"column":31}},{"start":{"line":9,"column":35},"end":{"line":9,"column":47}}]},"1":{"loc":{"start":{"line":10,"column":19},"end":{"line":10,"column":68}},"type":"binary-expr","locations":[{"start":{"line":10,"column":19},"end":{"line":10,"column":45}},{"start":{"line":10,"column":49},"end":{"line":10,"column":68}}]}},"s":{"0":1,"1":1,"2":2,"3":2,"4":2,"5":2,"6":1,"7":1,"8":1,"9":1,"10":1,"11":1,"12":1,"13":1,"14":1,"15":1,"16":1,"17":1,"18":1,"19":1,"20":1,"21":1,"22":1,"23":1,"24":0,"25":1},"f":{"0":2,"1":2,"2":1,"3":1,"4":1,"5":1,"6":1,"7":1},"b":{"0":[2,0],"1":[2,0]}}
}
